2021-06-17 23:57:50,908 INFO org.springframework.test.context.support.AbstractTestContextBootstrapper [main] Neither @ContextConfiguration nor @ContextHierarchy found for test class [com.example.demo.SareetaApplicationTests], using SpringBootContextLoader
2021-06-17 23:57:50,925 INFO org.springframework.test.context.support.AbstractContextLoader [main] Could not detect default resource locations for test class [com.example.demo.SareetaApplicationTests]: no resource found for suffixes {-context.xml, Context.groovy}.
2021-06-17 23:57:50,928 INFO org.springframework.test.context.support.AnnotationConfigContextLoaderUtils [main] Could not detect default configuration classes for test class [com.example.demo.SareetaApplicationTests]: SareetaApplicationTests does not declare any static, non-private, non-final, nested classes annotated with @Configuration.
2021-06-17 23:57:51,304 INFO org.springframework.boot.test.context.SpringBootTestContextBootstrapper [main] Found @SpringBootConfiguration com.example.demo.SareetaApplication for test class com.example.demo.SareetaApplicationTests
2021-06-17 23:57:51,445 INFO org.springframework.test.context.support.AbstractTestContextBootstrapper [main] Loaded default TestExecutionListener class names from location [META-INF/spring.factories]: [org.springframework.boot.test.mock.mockito.MockitoTestExecutionListener, org.springframework.boot.test.mock.mockito.ResetMocksTestExecutionListener, org.springframework.boot.test.autoconfigure.restdocs.RestDocsTestExecutionListener, org.springframework.boot.test.autoconfigure.web.client.MockRestServiceServerResetTestExecutionListener, org.springframework.boot.test.autoconfigure.web.servlet.MockMvcPrintOnlyOnFailureTestExecutionListener, org.springframework.boot.test.autoconfigure.web.servlet.WebDriverTestExecutionListener, org.springframework.test.context.web.ServletTestExecutionListener, org.springframework.test.context.support.DirtiesContextBeforeModesTestExecutionListener, org.springframework.test.context.support.DependencyInjectionTestExecutionListener, org.springframework.test.context.support.DirtiesContextTestExecutionListener, org.springframework.test.context.transaction.TransactionalTestExecutionListener, org.springframework.test.context.jdbc.SqlScriptsTestExecutionListener]
2021-06-17 23:57:51,478 INFO org.springframework.test.context.support.AbstractTestContextBootstrapper [main] Using TestExecutionListeners: [org.springframework.test.context.web.ServletTestExecutionListener@23202fce, org.springframework.test.context.support.DirtiesContextBeforeModesTestExecutionListener@7b993c65, org.springframework.boot.test.mock.mockito.MockitoTestExecutionListener@37911f88, org.springframework.boot.test.autoconfigure.SpringBootDependencyInjectionTestExecutionListener@6f1c29b7, org.springframework.test.context.support.DirtiesContextTestExecutionListener@4d6025c5, org.springframework.test.context.transaction.TransactionalTestExecutionListener@7f284218, org.springframework.test.context.jdbc.SqlScriptsTestExecutionListener@407a7f2a, org.springframework.boot.test.mock.mockito.ResetMocksTestExecutionListener@4ea5b703, org.springframework.boot.test.autoconfigure.restdocs.RestDocsTestExecutionListener@2a7ed1f, org.springframework.boot.test.autoconfigure.web.client.MockRestServiceServerResetTestExecutionListener@3fa247d1, org.springframework.boot.test.autoconfigure.web.servlet.MockMvcPrintOnlyOnFailureTestExecutionListener@2cb2fc20, org.springframework.boot.test.autoconfigure.web.servlet.WebDriverTestExecutionListener@4f4c4b1a]
2021-06-17 23:57:53,049 INFO com.example.demo.controllers.OrderController [main] User not found
2021-06-17 23:57:53,063 INFO com.example.demo.controllers.OrderController [main] User order save: com.example.demo.model.persistence.User@267517e4
2021-06-17 23:57:53,068 INFO com.example.demo.controllers.OrderController [main] User not found
2021-06-17 23:57:53,630 INFO org.springframework.boot.StartupInfoLogger [main] Starting SareetaApplicationTests on Hank-Scorpio with PID 7721 (started by hank in /home/hank/Documentos/Cursos/Java Web devoleper/nd035-c4-Security-and-DevOps/starter_code)
2021-06-17 23:57:53,632 DEBUG org.springframework.boot.StartupInfoLogger [main] Running with Spring Boot v2.1.5.RELEASE, Spring v5.1.7.RELEASE
2021-06-17 23:57:53,639 INFO org.springframework.boot.SpringApplication [main] No active profile set, falling back to default profiles: default
2021-06-17 23:57:54,737 INFO org.springframework.data.repository.config.RepositoryConfigurationDelegate [main] Bootstrapping Spring Data repositories in DEFAULT mode.
2021-06-17 23:57:54,833 INFO org.springframework.data.repository.config.RepositoryConfigurationDelegate [main] Finished Spring Data repository scanning in 83ms. Found 4 repository interfaces.
2021-06-17 23:57:55,811 INFO org.springframework.context.support.PostProcessorRegistrationDelegate$BeanPostProcessorChecker [main] Bean 'org.springframework.transaction.annotation.ProxyTransactionManagementConfiguration' of type [org.springframework.transaction.annotation.ProxyTransactionManagementConfiguration$$EnhancerBySpringCGLIB$$5f00afcd] is not eligible for getting processed by all BeanPostProcessors (for example: not eligible for auto-proxying)
2021-06-17 23:57:56,197 INFO com.zaxxer.hikari.HikariDataSource [main] HikariPool-1 - Starting...
2021-06-17 23:57:56,494 INFO com.zaxxer.hikari.HikariDataSource [main] HikariPool-1 - Start completed.
2021-06-17 23:57:56,627 INFO org.hibernate.jpa.internal.util.LogHelper [main] HHH000204: Processing PersistenceUnitInfo [
	name: default
	...]
2021-06-17 23:57:56,746 INFO org.hibernate.Version [main] HHH000412: Hibernate Core {5.3.10.Final}
2021-06-17 23:57:56,749 INFO org.hibernate.cfg.Environment [main] HHH000206: hibernate.properties not found
2021-06-17 23:57:56,807 INFO org.hibernate.annotations.common.reflection.java.JavaReflectionManager [main] HCANN000001: Hibernate Commons Annotations {5.0.4.Final}
2021-06-17 23:57:57,042 INFO org.hibernate.dialect.Dialect [main] HHH000400: Using dialect: org.hibernate.dialect.H2Dialect
2021-06-17 23:57:58,169 INFO org.springframework.orm.jpa.AbstractEntityManagerFactoryBean [main] Initialized JPA EntityManagerFactory for persistence unit 'default'
2021-06-17 23:57:59,314 WARN org.springframework.boot.autoconfigure.orm.jpa.JpaBaseConfiguration$JpaWebConfiguration$JpaWebMvcConfiguration [main] spring.jpa.open-in-view is enabled by default. Therefore, database queries may be performed during view rendering. Explicitly configure spring.jpa.open-in-view to disable this warning
2021-06-17 23:57:59,506 INFO org.springframework.security.web.DefaultSecurityFilterChain [main] Creating filter chain: any request, [org.springframework.security.web.context.request.async.WebAsyncManagerIntegrationFilter@25b402ea, org.springframework.security.web.context.SecurityContextPersistenceFilter@332fa6ce, org.springframework.security.web.header.HeaderWriterFilter@282aea3c, org.springframework.web.filter.CorsFilter@2fccd98f, org.springframework.security.web.authentication.logout.LogoutFilter@25a52a60, com.example.demo.security.JWTAuthenticationFilter@309e7215, com.example.demo.security.JWTAuthenticationVerficationFilter@1b30b6f8, org.springframework.security.web.savedrequest.RequestCacheAwareFilter@647ce968, org.springframework.security.web.servletapi.SecurityContextHolderAwareRequestFilter@22e95960, org.springframework.security.web.authentication.AnonymousAuthenticationFilter@1e965426, org.springframework.security.web.session.SessionManagementFilter@162e29a1, org.springframework.security.web.access.ExceptionTranslationFilter@104cf647, org.springframework.security.web.access.intercept.FilterSecurityInterceptor@2a7392a3]
2021-06-17 23:58:00,164 INFO org.springframework.scheduling.concurrent.ExecutorConfigurationSupport [main] Initializing ExecutorService 'applicationTaskExecutor'
2021-06-17 23:58:00,567 INFO org.springframework.boot.StartupInfoLogger [main] Started SareetaApplicationTests in 7.432 seconds (JVM running for 12.352)
2021-06-17 23:58:00,632 INFO com.example.demo.controllers.UserController [main] User created: user
2021-06-17 23:58:00,633 INFO com.example.demo.controllers.UserController [main] Password invalid for user: user
2021-06-17 23:58:00,636 INFO com.example.demo.controllers.UserController [main] User created: user
2021-06-17 23:58:00,648 INFO org.springframework.scheduling.concurrent.ExecutorConfigurationSupport [Thread-4] Shutting down ExecutorService 'applicationTaskExecutor'
2021-06-17 23:58:00,656 INFO org.springframework.orm.jpa.AbstractEntityManagerFactoryBean [Thread-4] Closing JPA EntityManagerFactory for persistence unit 'default'
2021-06-17 23:58:00,668 INFO com.zaxxer.hikari.HikariDataSource [Thread-4] HikariPool-1 - Shutdown initiated...
2021-06-17 23:58:00,702 INFO com.zaxxer.hikari.HikariDataSource [Thread-4] HikariPool-1 - Shutdown completed.
